[debug] [2024-04-15T23:26:04.174Z] ----------------------------------------------------------------------
[debug] [2024-04-15T23:26:04.175Z] Command:       /usr/local/bin/node /opt/homebrew/bin/firebase init hosting
[debug] [2024-04-15T23:26:04.176Z] CLI Version:   13.7.2
[debug] [2024-04-15T23:26:04.176Z] Platform:      darwin
[debug] [2024-04-15T23:26:04.176Z] Node Version:  v20.11.1
[debug] [2024-04-15T23:26:04.176Z] Time:          Mon Apr 15 2024 19:26:04 GMT-0400 (Eastern Daylight Time)
[debug] [2024-04-15T23:26:04.176Z] ----------------------------------------------------------------------
[debug] 
[debug] [2024-04-15T23:26:04.178Z] > command requires scopes: ["email","openid","https://www.googleapis.com/auth/cloudplatformprojects.readonly","https://www.googleapis.com/auth/firebase","https://www.googleapis.com/auth/cloud-platform"]
[debug] [2024-04-15T23:26:04.178Z] > authorizing via signed-in user (odolan27@gmail.com)
[info] 
     ######## #### ########  ######## ########     ###     ######  ########
     ##        ##  ##     ## ##       ##     ##  ##   ##  ##       ##
     ######    ##  ########  ######   ########  #########  ######  ######
     ##        ##  ##    ##  ##       ##     ## ##     ##       ## ##
     ##       #### ##     ## ######## ########  ##     ##  ######  ########

You're about to initialize a Firebase project in this directory:

  /Users/owendolan/Desktop/rx-radar

[info] 
=== Project Setup
[info] 
[info] First, let's associate this project directory with a Firebase project.
[info] You can create multiple project aliases by running firebase use --add, 
[info] but for now we'll just set up a default project.
[info] 
[debug] [2024-04-15T23:26:07.941Z] >>> [apiv2][query] GET https://firebase.googleapis.com/v1beta1/projects pageSize=100
[debug] [2024-04-15T23:26:08.301Z] <<< [apiv2][status] GET https://firebase.googleapis.com/v1beta1/projects 200
[debug] [2024-04-15T23:26:08.301Z] <<< [apiv2][body] GET https://firebase.googleapis.com/v1beta1/projects [omitted]
[info] i  Using project rx-radar (Rx-Radar) 
[info] 
=== Hosting Setup
[debug] [2024-04-15T23:26:12.154Z] >>> [apiv2][query] GET https://firebase.googleapis.com/v1beta1/projects/rx-radar [none]
[debug] [2024-04-15T23:26:12.484Z] <<< [apiv2][status] GET https://firebase.googleapis.com/v1beta1/projects/rx-radar 200
[debug] [2024-04-15T23:26:12.485Z] <<< [apiv2][body] GET https://firebase.googleapis.com/v1beta1/projects/rx-radar {"projectId":"rx-radar","projectNumber":"803800088421","displayName":"Rx-Radar","name":"projects/rx-radar","resources":{"hostingSite":"rx-radar"},"state":"ACTIVE","etag":"1_8e610b89-0f00-45a0-885e-fae750e3b5ab"}
[info] 
[info] i  Detected a .git folder at /Users/owendolan/Desktop/rx-radar 
[info] i  Authorizing with GitHub to upload your service account to a GitHub repository's secrets store. 
[info] 
[info] Visit this URL on this device to log in:
[info] https://github.com/login/oauth/authorize?client_id=89cf50f02ac6aaed3484&state=242983862&redirect_uri=http%3A%2F%2Flocalhost%3A9005&scope=read%3Auser%20repo%20public_repo
[info] 
[info] Waiting for authentication...
[debug] [2024-04-15T23:26:36.227Z] >>> [apiv2][query] POST https://github.com/login/oauth/access_token [none]
[debug] [2024-04-15T23:26:36.227Z] >>> [apiv2][body] POST https://github.com/login/oauth/access_token [stream]
[debug] [2024-04-15T23:26:36.407Z] <<< [apiv2][status] POST https://github.com/login/oauth/access_token 200
[debug] [2024-04-15T23:26:36.408Z] <<< [apiv2][body] POST https://github.com/login/oauth/access_token {"access_token":"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","token_type":"bearer","scope":"read:user,repo"}
[debug] [2024-04-15T23:26:36.416Z] >>> [apiv2][query] GET https://api.github.com/user [none]
[debug] [2024-04-15T23:26:36.557Z] <<< [apiv2][status] GET https://api.github.com/user 200
[debug] [2024-04-15T23:26:36.558Z] <<< [apiv2][body] GET https://api.github.com/user {"login":"odolan","id":41007430,"node_id":"MDQ6VXNlcjQxMDA3NDMw","avatar_url":"https://avatars.githubusercontent.com/u/41007430?v=4","gravatar_id":"","url":"https://api.github.com/users/odolan","html_url":"https://github.com/odolan","followers_url":"https://api.github.com/users/odolan/followers","following_url":"https://api.github.com/users/odolan/following{/other_user}","gists_url":"https://api.github.com/users/odolan/gists{/gist_id}","starred_url":"https://api.github.com/users/odolan/starred{/owner}{/repo}","subscriptions_url":"https://api.github.com/users/odolan/subscriptions","organizations_url":"https://api.github.com/users/odolan/orgs","repos_url":"https://api.github.com/users/odolan/repos","events_url":"https://api.github.com/users/odolan/events{/privacy}","received_events_url":"https://api.github.com/users/odolan/received_events","type":"User","site_admin":false,"name":"Owen Dolan ","company":"Simon sandrew's boss","blog":"https://www.youtube.com/channel/UCevKpUyt1VGsCe2DO_V1-cA","location":"Boston","email":null,"hireable":null,"bio":"CS student @ Northeastern","twitter_username":null,"public_repos":9,"public_gists":0,"followers":6,"following":7,"created_at":"2018-07-09T13:31:48Z","updated_at":"2024-04-02T03:15:51Z","private_gists":0,"total_private_repos":2,"owned_private_repos":2,"disk_usage":42457,"collaborators":1,"two_factor_authentication":true,"plan":{"name":"free","space":976562499,"collaborators":0,"private_repos":10000}}
[info] 
[info] ✔  Success! Logged into GitHub as odolan 
[info] 
